[23:33:33] [INFO] 调试模式已开启
[23:33:34] [INFO] 调试模式已关闭
[23:33:37] [INFO] 调试模式已开启
[23:33:38] [INFO] 调试模式已关闭
[23:33:48] [INFO] 调试模式已开启
[23:33:48] [INFO] 调试模式已关闭
[23:33:53] [INFO] 调试模式已开启
[23:33:54] [INFO] 调试模式已关闭
[23:34:02] [INFO] 调试模式已开启
[23:34:03] [INFO] 调试模式已关闭
[23:40:49] [INFO] 首次创建世界地图，种子: 564920440
[23:40:49] [INFO] 返回主菜单，游戏数据已重置
[23:40:49] [INFO] 初始化世界地图，种子: 564920440
[23:40:54] [INFO] 生成新地图: IVec2(10, 6)
[23:40:54] [INFO] 设置出生点: IVec2(10, 6)
[23:40:54] [INFO] 在出生点 IVec2(10, 6) 生成 7 个矮人
[23:41:00] [INFO] 调试模式已开启
[23:41:00] [INFO] 调试模式已关闭
[23:43:59] [INFO] 首次创建世界地图，种子: 3628597028
[23:43:59] [INFO] 返回主菜单，游戏数据已重置
[23:43:59] [INFO] 初始化世界地图，种子: 3628597028
[23:44:01] [INFO] 生成新地图: IVec2(10, 6)
[23:44:01] [INFO] 设置出生点: IVec2(10, 6)
[23:44:01] [INFO] 在出生点 IVec2(10, 6) 生成 7 个矮人
[23:44:03] [INFO] 调试模式已开启
[23:44:05] [INFO] 调试模式已关闭
[23:44:08] [INFO] 调试模式已开启
[23:44:08] [INFO] 调试模式已关闭
[23:44:09] [INFO] 调试模式已开启
[23:44:10] [INFO] 调试模式已关闭
[23:44:11] [INFO] 调试模式已开启
[23:44:11] [INFO] 调试模式已关闭
[23:44:11] [INFO] 调试模式已开启
[23:44:11] [INFO] 调试模式已关闭
[23:44:12] [INFO] 调试模式已开启
[23:44:12] [INFO] 调试模式已关闭
[23:44:12] [INFO] 调试模式已开启
[23:44:12] [INFO] 调试模式已关闭
[23:44:12] [INFO] 调试模式已开启
[23:44:12] [INFO] 调试模式已关闭
[23:44:13] [INFO] 调试模式已开启
[23:44:13] [INFO] 调试模式已关闭
[23:44:13] [INFO] 调试模式已开启
[23:44:14] [INFO] 重新生成世界地图，种子: 1202121807
[23:44:14] [INFO] 返回主菜单，游戏数据已重置
[23:48:50] [INFO] 首次创建世界地图，种子: 3725898590
[23:48:50] [INFO] 返回主菜单，游戏数据已重置
[23:48:50] [INFO] 初始化世界地图，种子: 3725898590
[23:48:54] [INFO] 生成新地图: IVec2(8, 7)
[23:48:54] [INFO] 设置出生点: IVec2(8, 7)
[23:48:54] [INFO] 在出生点 IVec2(8, 7) 生成 7 个矮人
[23:48:56] [INFO] 调试模式已开启
[23:48:58] [INFO] 调试模式已关闭
[23:48:58] [INFO] 调试模式已开启
[23:48:58] [INFO] 调试模式已关闭
[23:48:58] [INFO] 调试模式已开启
[23:48:59] [INFO] 调试模式已关闭
[23:48:59] [INFO] 调试模式已开启
[23:49:01] [INFO] 重新生成世界地图，种子: 1196417730
[23:49:01] [INFO] 返回主菜单，游戏数据已重置
[23:49:17] [INFO] 首次创建世界地图，种子: 2217446075
[23:49:17] [INFO] 返回主菜单，游戏数据已重置
[23:49:17] [INFO] 初始化世界地图，种子: 2217446075
[23:49:19] [INFO] 生成新地图: IVec2(10, 5)
[23:49:19] [INFO] 设置出生点: IVec2(10, 5)
[23:49:19] [INFO] 在出生点 IVec2(10, 5) 生成 7 个矮人
[23:49:22] [INFO] 重新生成世界地图，种子: 3036749440
[23:49:22] [INFO] 返回主菜单，游戏数据已重置
